<?xml version="1.0" encoding="UTF-8"?>
<!-- Generated by org.testng.reporters.JUnitReportReporter -->
<testsuite skipped="0" hostname="MC0XHP2C" name="test.selenium.demo.test.selenium.demo.TestSeleniumCase1" tests="1" failures="0" timestamp="29 Jan 2019 12:25:35 GMT" time="11.325" errors="0">
  <testcase name="NewsLetterWrongdata" time="11.325" classname="test.selenium.demo.test.selenium.demo.TestSeleniumCase1"/>
</testsuite> <!-- test.selenium.demo.test.selenium.demo.TestSeleniumCase1 -->
